Build output check failed:
    Regex: 'command[- ]line option .* is valid for .* but not for C'
    Output line: 'cc1: warning: command-line option ‘-Wnon-virtual-dtor’ is valid for C++/ObjC++ but not for C'
Compilation failed:
    source file: '/home/robotlab/ACP/opencv-4.12.0/build/CMakeFiles/CMakeTmp/src.c'
    check option: ' -fsigned-char -W -Wall -Wreturn-type  -Wnon-virtual-dtor'
===== BUILD LOG =====
Change Dir: '/home/robotlab/ACP/opencv-4.12.0/build/CMakeFiles/CMakeTmp'

Run Build Command(s): /home/robotlab/micromamba/envs/pyrite/bin/cmake -E env VERBOSE=1 /usr/bin/gmake -f Makefile cmTC_a92e6/fast
/usr/bin/gmake  -f CMakeFiles/cmTC_a92e6.dir/build.make CMakeFiles/cmTC_a92e6.dir/build
gmake[1]: se entra en el directorio '/home/robotlab/ACP/opencv-4.12.0/build/CMakeFiles/CMakeTmp'
Building C object CMakeFiles/cmTC_a92e6.dir/src.c.o
/usr/bin/cc   -O3 -DNDEBUG -fPIE    -fsigned-char -W -Wall -Wreturn-type  -Wnon-virtual-dtor -o CMakeFiles/cmTC_a92e6.dir/src.c.o -c /home/robotlab/ACP/opencv-4.12.0/build/CMakeFiles/CMakeTmp/src.c
cc1: warning: command-line option ‘-Wnon-virtual-dtor’ is valid for C++/ObjC++ but not for C
/home/robotlab/ACP/opencv-4.12.0/build/CMakeFiles/CMakeTmp/src.c:1: warning: ignoring ‘#pragma  ’ [-Wunknown-pragmas]
    1 | #pragma
      | 
Linking C executable cmTC_a92e6
/home/robotlab/micromamba/envs/pyrite/bin/cmake -E cmake_link_script CMakeFiles/cmTC_a92e6.dir/link.txt --verbose=1
/usr/bin/cc -O3 -DNDEBUG CMakeFiles/cmTC_a92e6.dir/src.c.o -o cmTC_a92e6
gmake[1]: se sale del directorio '/home/robotlab/ACP/opencv-4.12.0/build/CMakeFiles/CMakeTmp'


===== END =====

Build output check failed:
    Regex: 'command[- ]line option .* is valid for .* but not for C\+\+'
    Output line: 'cc1plus: warning: command-line option ‘-Wmissing-prototypes’ is valid for C/ObjC but not for C++'
Compilation failed:
    source file: '/home/robotlab/ACP/opencv-4.12.0/build/CMakeFiles/CMakeTmp/src.cxx'
    check option: ' -fsigned-char -W -Wall -Wreturn-type -Wnon-virtual-dtor -Waddress -Wsequence-point -Wformat -Wformat-security -Wmissing-declarations  -Wmissing-prototypes'
===== BUILD LOG =====
Change Dir: '/home/robotlab/ACP/opencv-4.12.0/build/CMakeFiles/CMakeTmp'

Run Build Command(s): /home/robotlab/micromamba/envs/pyrite/bin/cmake -E env VERBOSE=1 /usr/bin/gmake -f Makefile cmTC_acd99/fast
/usr/bin/gmake  -f CMakeFiles/cmTC_acd99.dir/build.make CMakeFiles/cmTC_acd99.dir/build
gmake[1]: se entra en el directorio '/home/robotlab/ACP/opencv-4.12.0/build/CMakeFiles/CMakeTmp'
Building CXX object CMakeFiles/cmTC_acd99.dir/src.cxx.o
/usr/bin/c++   -O3 -DNDEBUG -std=c++11 -fPIE    -fsigned-char -W -Wall -Wreturn-type -Wnon-virtual-dtor -Waddress -Wsequence-point -Wformat -Wformat-security -Wmissing-declarations  -Wmissing-prototypes -o CMakeFiles/cmTC_acd99.dir/src.cxx.o -c /home/robotlab/ACP/opencv-4.12.0/build/CMakeFiles/CMakeTmp/src.cxx
cc1plus: warning: command-line option ‘-Wmissing-prototypes’ is valid for C/ObjC but not for C++
/home/robotlab/ACP/opencv-4.12.0/build/CMakeFiles/CMakeTmp/src.cxx:1: warning: ignoring ‘#pragma  ’ [-Wunknown-pragmas]
    1 | #pragma
      | 
Linking CXX executable cmTC_acd99
/home/robotlab/micromamba/envs/pyrite/bin/cmake -E cmake_link_script CMakeFiles/cmTC_acd99.dir/link.txt --verbose=1
/usr/bin/c++ -O3 -DNDEBUG CMakeFiles/cmTC_acd99.dir/src.cxx.o -o cmTC_acd99
gmake[1]: se sale del directorio '/home/robotlab/ACP/opencv-4.12.0/build/CMakeFiles/CMakeTmp'


===== END =====

Build output check failed:
    Regex: 'command[- ]line option .* is valid for .* but not for C\+\+'
    Output line: 'cc1plus: warning: command-line option ‘-Wstrict-prototypes’ is valid for C/ObjC but not for C++'
Compilation failed:
    source file: '/home/robotlab/ACP/opencv-4.12.0/build/CMakeFiles/CMakeTmp/src.cxx'
    check option: ' -fsigned-char -W -Wall -Wreturn-type -Wnon-virtual-dtor -Waddress -Wsequence-point -Wformat -Wformat-security -Wmissing-declarations  -Wstrict-prototypes'
===== BUILD LOG =====
Change Dir: '/home/robotlab/ACP/opencv-4.12.0/build/CMakeFiles/CMakeTmp'

Run Build Command(s): /home/robotlab/micromamba/envs/pyrite/bin/cmake -E env VERBOSE=1 /usr/bin/gmake -f Makefile cmTC_b18ca/fast
/usr/bin/gmake  -f CMakeFiles/cmTC_b18ca.dir/build.make CMakeFiles/cmTC_b18ca.dir/build
gmake[1]: se entra en el directorio '/home/robotlab/ACP/opencv-4.12.0/build/CMakeFiles/CMakeTmp'
Building CXX object CMakeFiles/cmTC_b18ca.dir/src.cxx.o
/usr/bin/c++   -O3 -DNDEBUG -std=c++11 -fPIE    -fsigned-char -W -Wall -Wreturn-type -Wnon-virtual-dtor -Waddress -Wsequence-point -Wformat -Wformat-security -Wmissing-declarations  -Wstrict-prototypes -o CMakeFiles/cmTC_b18ca.dir/src.cxx.o -c /home/robotlab/ACP/opencv-4.12.0/build/CMakeFiles/CMakeTmp/src.cxx
cc1plus: warning: command-line option ‘-Wstrict-prototypes’ is valid for C/ObjC but not for C++
/home/robotlab/ACP/opencv-4.12.0/build/CMakeFiles/CMakeTmp/src.cxx:1: warning: ignoring ‘#pragma  ’ [-Wunknown-pragmas]
    1 | #pragma
      | 
Linking CXX executable cmTC_b18ca
/home/robotlab/micromamba/envs/pyrite/bin/cmake -E cmake_link_script CMakeFiles/cmTC_b18ca.dir/link.txt --verbose=1
/usr/bin/c++ -O3 -DNDEBUG CMakeFiles/cmTC_b18ca.dir/src.cxx.o -o cmTC_b18ca
gmake[1]: se sale del directorio '/home/robotlab/ACP/opencv-4.12.0/build/CMakeFiles/CMakeTmp'


===== END =====

Build output check failed:
    Regex: 'command[- ]line option .* is valid for .* but not for C'
    Output line: 'cc1: warning: command-line option ‘-Wsign-promo’ is valid for C++/ObjC++ but not for C'
Compilation failed:
    source file: '/home/robotlab/ACP/opencv-4.12.0/build/CMakeFiles/CMakeTmp/src.c'
    check option: ' -fsigned-char -W -Wall -Wreturn-type -Waddress -Wsequence-point -Wformat -Wformat-security -Wmissing-declarations -Wmissing-prototypes -Wstrict-prototypes -Wundef -Winit-self -Wpointer-arith -Wshadow  -Wsign-promo'
===== BUILD LOG =====
Change Dir: '/home/robotlab/ACP/opencv-4.12.0/build/CMakeFiles/CMakeTmp'

Run Build Command(s): /home/robotlab/micromamba/envs/pyrite/bin/cmake -E env VERBOSE=1 /usr/bin/gmake -f Makefile cmTC_2d8a6/fast
/usr/bin/gmake  -f CMakeFiles/cmTC_2d8a6.dir/build.make CMakeFiles/cmTC_2d8a6.dir/build
gmake[1]: se entra en el directorio '/home/robotlab/ACP/opencv-4.12.0/build/CMakeFiles/CMakeTmp'
Building C object CMakeFiles/cmTC_2d8a6.dir/src.c.o
/usr/bin/cc   -O3 -DNDEBUG -fPIE    -fsigned-char -W -Wall -Wreturn-type -Waddress -Wsequence-point -Wformat -Wformat-security -Wmissing-declarations -Wmissing-prototypes -Wstrict-prototypes -Wundef -Winit-self -Wpointer-arith -Wshadow  -Wsign-promo -o CMakeFiles/cmTC_2d8a6.dir/src.c.o -c /home/robotlab/ACP/opencv-4.12.0/build/CMakeFiles/CMakeTmp/src.c
cc1: warning: command-line option ‘-Wsign-promo’ is valid for C++/ObjC++ but not for C
/home/robotlab/ACP/opencv-4.12.0/build/CMakeFiles/CMakeTmp/src.c:1: warning: ignoring ‘#pragma  ’ [-Wunknown-pragmas]
    1 | #pragma
      | 
Linking C executable cmTC_2d8a6
/home/robotlab/micromamba/envs/pyrite/bin/cmake -E cmake_link_script CMakeFiles/cmTC_2d8a6.dir/link.txt --verbose=1
/usr/bin/cc -O3 -DNDEBUG CMakeFiles/cmTC_2d8a6.dir/src.c.o -o cmTC_2d8a6
gmake[1]: se sale del directorio '/home/robotlab/ACP/opencv-4.12.0/build/CMakeFiles/CMakeTmp'


===== END =====

Build output check failed:
    Regex: 'command[- ]line option .* is valid for .* but not for C'
    Output line: 'cc1: warning: command-line option ‘-Wsuggest-override’ is valid for C++/ObjC++ but not for C'
Compilation failed:
    source file: '/home/robotlab/ACP/opencv-4.12.0/build/CMakeFiles/CMakeTmp/src.c'
    check option: ' -fsigned-char -W -Wall -Wreturn-type -Waddress -Wsequence-point -Wformat -Wformat-security -Wmissing-declarations -Wmissing-prototypes -Wstrict-prototypes -Wundef -Winit-self -Wpointer-arith -Wshadow -Wuninitialized  -Wsuggest-override'
===== BUILD LOG =====
Change Dir: '/home/robotlab/ACP/opencv-4.12.0/build/CMakeFiles/CMakeTmp'

Run Build Command(s): /home/robotlab/micromamba/envs/pyrite/bin/cmake -E env VERBOSE=1 /usr/bin/gmake -f Makefile cmTC_35c85/fast
/usr/bin/gmake  -f CMakeFiles/cmTC_35c85.dir/build.make CMakeFiles/cmTC_35c85.dir/build
gmake[1]: se entra en el directorio '/home/robotlab/ACP/opencv-4.12.0/build/CMakeFiles/CMakeTmp'
Building C object CMakeFiles/cmTC_35c85.dir/src.c.o
/usr/bin/cc   -O3 -DNDEBUG -fPIE    -fsigned-char -W -Wall -Wreturn-type -Waddress -Wsequence-point -Wformat -Wformat-security -Wmissing-declarations -Wmissing-prototypes -Wstrict-prototypes -Wundef -Winit-self -Wpointer-arith -Wshadow -Wuninitialized  -Wsuggest-override -o CMakeFiles/cmTC_35c85.dir/src.c.o -c /home/robotlab/ACP/opencv-4.12.0/build/CMakeFiles/CMakeTmp/src.c
cc1: warning: command-line option ‘-Wsuggest-override’ is valid for C++/ObjC++ but not for C
/home/robotlab/ACP/opencv-4.12.0/build/CMakeFiles/CMakeTmp/src.c:1: warning: ignoring ‘#pragma  ’ [-Wunknown-pragmas]
    1 | #pragma
      | 
Linking C executable cmTC_35c85
/home/robotlab/micromamba/envs/pyrite/bin/cmake -E cmake_link_script CMakeFiles/cmTC_35c85.dir/link.txt --verbose=1
/usr/bin/cc -O3 -DNDEBUG CMakeFiles/cmTC_35c85.dir/src.c.o -o cmTC_35c85
gmake[1]: se sale del directorio '/home/robotlab/ACP/opencv-4.12.0/build/CMakeFiles/CMakeTmp'


===== END =====

Build output check failed:
    Regex: 'command[- ]line option .* is valid for .* but not for C'
    Output line: 'cc1: warning: command-line option ‘-Wno-delete-non-virtual-dtor’ is valid for C++/ObjC++ but not for C'
Compilation failed:
    source file: '/home/robotlab/ACP/opencv-4.12.0/build/CMakeFiles/CMakeTmp/src.c'
    check option: ' -fsigned-char -W -Wall -Wreturn-type -Waddress -Wsequence-point -Wformat -Wformat-security -Wmissing-declarations -Wmissing-prototypes -Wstrict-prototypes -Wundef -Winit-self -Wpointer-arith -Wshadow -Wuninitialized  -Wno-delete-non-virtual-dtor'
===== BUILD LOG =====
Change Dir: '/home/robotlab/ACP/opencv-4.12.0/build/CMakeFiles/CMakeTmp'

Run Build Command(s): /home/robotlab/micromamba/envs/pyrite/bin/cmake -E env VERBOSE=1 /usr/bin/gmake -f Makefile cmTC_731a6/fast
/usr/bin/gmake  -f CMakeFiles/cmTC_731a6.dir/build.make CMakeFiles/cmTC_731a6.dir/build
gmake[1]: se entra en el directorio '/home/robotlab/ACP/opencv-4.12.0/build/CMakeFiles/CMakeTmp'
Building C object CMakeFiles/cmTC_731a6.dir/src.c.o
/usr/bin/cc   -O3 -DNDEBUG -fPIE    -fsigned-char -W -Wall -Wreturn-type -Waddress -Wsequence-point -Wformat -Wformat-security -Wmissing-declarations -Wmissing-prototypes -Wstrict-prototypes -Wundef -Winit-self -Wpointer-arith -Wshadow -Wuninitialized  -Wno-delete-non-virtual-dtor -o CMakeFiles/cmTC_731a6.dir/src.c.o -c /home/robotlab/ACP/opencv-4.12.0/build/CMakeFiles/CMakeTmp/src.c
cc1: warning: command-line option ‘-Wno-delete-non-virtual-dtor’ is valid for C++/ObjC++ but not for C
/home/robotlab/ACP/opencv-4.12.0/build/CMakeFiles/CMakeTmp/src.c:1: warning: ignoring ‘#pragma  ’ [-Wunknown-pragmas]
    1 | #pragma
      | 
Linking C executable cmTC_731a6
/home/robotlab/micromamba/envs/pyrite/bin/cmake -E cmake_link_script CMakeFiles/cmTC_731a6.dir/link.txt --verbose=1
/usr/bin/cc -O3 -DNDEBUG CMakeFiles/cmTC_731a6.dir/src.c.o -o cmTC_731a6
gmake[1]: se sale del directorio '/home/robotlab/ACP/opencv-4.12.0/build/CMakeFiles/CMakeTmp'


===== END =====

Build output check failed:
    Regex: 'unrecognized .*option'
    Output line: 'cc1plus: note: unrecognized command-line option ‘-Wno-unnamed-type-template-args’ may have been intended to silence earlier diagnostics'
Compilation failed:
    source file: '/home/robotlab/ACP/opencv-4.12.0/build/CMakeFiles/CMakeTmp/src.cxx'
    check option: ' -fsigned-char -W -Wall -Wreturn-type -Wnon-virtual-dtor -Waddress -Wsequence-point -Wformat -Wformat-security -Wmissing-declarations -Wundef -Winit-self -Wpointer-arith -Wshadow -Wsign-promo -Wuninitialized -Wsuggest-override -Wno-delete-non-virtual-dtor  -Wno-unnamed-type-template-args'
===== BUILD LOG =====
Change Dir: '/home/robotlab/ACP/opencv-4.12.0/build/CMakeFiles/CMakeTmp'

Run Build Command(s): /home/robotlab/micromamba/envs/pyrite/bin/cmake -E env VERBOSE=1 /usr/bin/gmake -f Makefile cmTC_1f8fb/fast
/usr/bin/gmake  -f CMakeFiles/cmTC_1f8fb.dir/build.make CMakeFiles/cmTC_1f8fb.dir/build
gmake[1]: se entra en el directorio '/home/robotlab/ACP/opencv-4.12.0/build/CMakeFiles/CMakeTmp'
Building CXX object CMakeFiles/cmTC_1f8fb.dir/src.cxx.o
/usr/bin/c++   -O3 -DNDEBUG -std=c++11 -fPIE    -fsigned-char -W -Wall -Wreturn-type -Wnon-virtual-dtor -Waddress -Wsequence-point -Wformat -Wformat-security -Wmissing-declarations -Wundef -Winit-self -Wpointer-arith -Wshadow -Wsign-promo -Wuninitialized -Wsuggest-override -Wno-delete-non-virtual-dtor  -Wno-unnamed-type-template-args -o CMakeFiles/cmTC_1f8fb.dir/src.cxx.o -c /home/robotlab/ACP/opencv-4.12.0/build/CMakeFiles/CMakeTmp/src.cxx
/home/robotlab/ACP/opencv-4.12.0/build/CMakeFiles/CMakeTmp/src.cxx:1: warning: ignoring ‘#pragma  ’ [-Wunknown-pragmas]
    1 | #pragma
      | 
cc1plus: note: unrecognized command-line option ‘-Wno-unnamed-type-template-args’ may have been intended to silence earlier diagnostics
Linking CXX executable cmTC_1f8fb
/home/robotlab/micromamba/envs/pyrite/bin/cmake -E cmake_link_script CMakeFiles/cmTC_1f8fb.dir/link.txt --verbose=1
/usr/bin/c++ -O3 -DNDEBUG CMakeFiles/cmTC_1f8fb.dir/src.cxx.o -o cmTC_1f8fb
gmake[1]: se sale del directorio '/home/robotlab/ACP/opencv-4.12.0/build/CMakeFiles/CMakeTmp'


===== END =====

Build output check failed:
    Regex: 'unrecognized .*option'
    Output line: 'cc1: note: unrecognized command-line option ‘-Wno-unnamed-type-template-args’ may have been intended to silence earlier diagnostics'
Compilation failed:
    source file: '/home/robotlab/ACP/opencv-4.12.0/build/CMakeFiles/CMakeTmp/src.c'
    check option: ' -fsigned-char -W -Wall -Wreturn-type -Waddress -Wsequence-point -Wformat -Wformat-security -Wmissing-declarations -Wmissing-prototypes -Wstrict-prototypes -Wundef -Winit-self -Wpointer-arith -Wshadow -Wuninitialized  -Wno-unnamed-type-template-args'
===== BUILD LOG =====
Change Dir: '/home/robotlab/ACP/opencv-4.12.0/build/CMakeFiles/CMakeTmp'

Run Build Command(s): /home/robotlab/micromamba/envs/pyrite/bin/cmake -E env VERBOSE=1 /usr/bin/gmake -f Makefile cmTC_b923e/fast
/usr/bin/gmake  -f CMakeFiles/cmTC_b923e.dir/build.make CMakeFiles/cmTC_b923e.dir/build
gmake[1]: se entra en el directorio '/home/robotlab/ACP/opencv-4.12.0/build/CMakeFiles/CMakeTmp'
Building C object CMakeFiles/cmTC_b923e.dir/src.c.o
/usr/bin/cc   -O3 -DNDEBUG -fPIE    -fsigned-char -W -Wall -Wreturn-type -Waddress -Wsequence-point -Wformat -Wformat-security -Wmissing-declarations -Wmissing-prototypes -Wstrict-prototypes -Wundef -Winit-self -Wpointer-arith -Wshadow -Wuninitialized  -Wno-unnamed-type-template-args -o CMakeFiles/cmTC_b923e.dir/src.c.o -c /home/robotlab/ACP/opencv-4.12.0/build/CMakeFiles/CMakeTmp/src.c
/home/robotlab/ACP/opencv-4.12.0/build/CMakeFiles/CMakeTmp/src.c:1: warning: ignoring ‘#pragma  ’ [-Wunknown-pragmas]
    1 | #pragma
      | 
cc1: note: unrecognized command-line option ‘-Wno-unnamed-type-template-args’ may have been intended to silence earlier diagnostics
Linking C executable cmTC_b923e
/home/robotlab/micromamba/envs/pyrite/bin/cmake -E cmake_link_script CMakeFiles/cmTC_b923e.dir/link.txt --verbose=1
/usr/bin/cc -O3 -DNDEBUG CMakeFiles/cmTC_b923e.dir/src.c.o -o cmTC_b923e
gmake[1]: se sale del directorio '/home/robotlab/ACP/opencv-4.12.0/build/CMakeFiles/CMakeTmp'


===== END =====

Compilation failed:
    source file: '/home/robotlab/ACP/opencv-4.12.0/cmake/checks/cpu_sse3.cpp'
    check option: ''
===== BUILD LOG =====
Change Dir: '/home/robotlab/ACP/opencv-4.12.0/build/CMakeFiles/CMakeTmp'

Run Build Command(s): /home/robotlab/micromamba/envs/pyrite/bin/cmake -E env VERBOSE=1 /usr/bin/gmake -f Makefile cmTC_292b3/fast
/usr/bin/gmake  -f CMakeFiles/cmTC_292b3.dir/build.make CMakeFiles/cmTC_292b3.dir/build
gmake[1]: se entra en el directorio '/home/robotlab/ACP/opencv-4.12.0/build/CMakeFiles/CMakeTmp'
Building CXX object CMakeFiles/cmTC_292b3.dir/cpu_sse3.cpp.o
/usr/bin/c++   -O3 -DNDEBUG -std=c++11 -fPIE -o CMakeFiles/cmTC_292b3.dir/cpu_sse3.cpp.o -c /home/robotlab/ACP/opencv-4.12.0/cmake/checks/cpu_sse3.cpp
In file included from /home/robotlab/ACP/opencv-4.12.0/cmake/checks/cpu_sse3.cpp:1:
/usr/lib/gcc/x86_64-linux-gnu/13/include/pmmintrin.h: In function ‘int main()’:
/usr/lib/gcc/x86_64-linux-gnu/13/include/pmmintrin.h:75:1: error: inlining failed in call to ‘always_inline’ ‘__m128 _mm_moveldup_ps(__m128)’: target specific option mismatch
   75 | _mm_moveldup_ps (__m128 __X)
      | ^~~~~~~~~~~~~~~
/home/robotlab/ACP/opencv-4.12.0/cmake/checks/cpu_sse3.cpp:5:24: note: called from here
    5 |     v = _mm_moveldup_ps(u); // SSE3
      |         ~~~~~~~~~~~~~~~^~~
/usr/lib/gcc/x86_64-linux-gnu/13/include/pmmintrin.h:75:1: error: inlining failed in call to ‘always_inline’ ‘__m128 _mm_moveldup_ps(__m128)’: target specific option mismatch
   75 | _mm_moveldup_ps (__m128 __X)
      | ^~~~~~~~~~~~~~~
/home/robotlab/ACP/opencv-4.12.0/cmake/checks/cpu_sse3.cpp:5:24: note: called from here
    5 |     v = _mm_moveldup_ps(u); // SSE3
      |         ~~~~~~~~~~~~~~~^~~
gmake[1]: *** [CMakeFiles/cmTC_292b3.dir/build.make:81: CMakeFiles/cmTC_292b3.dir/cpu_sse3.cpp.o] Error 1
gmake[1]: se sale del directorio '/home/robotlab/ACP/opencv-4.12.0/build/CMakeFiles/CMakeTmp'
gmake: *** [Makefile:134: cmTC_292b3/fast] Error 2


===== END =====

Build output check failed:
    Regex: 'command[- ]line option .* is valid for .* but not for C'
    Output line: 'cc1: warning: command-line option ‘-fvisibility-inlines-hidden’ is valid for C++/ObjC++ but not for C'
Compilation failed:
    source file: '/home/robotlab/ACP/opencv-4.12.0/build/CMakeFiles/CMakeTmp/src.c'
    check option: ' -fsigned-char -W -Wall -Wreturn-type -Waddress -Wsequence-point -Wformat -Wformat-security -Wmissing-declarations -Wmissing-prototypes -Wstrict-prototypes -Wundef -Winit-self -Wpointer-arith -Wshadow -Wuninitialized -Wno-comment -Wimplicit-fallthrough=3 -Wno-strict-overflow -fdiagnostics-show-option -pthread -fomit-frame-pointer -ffunction-sections -fdata-sections  -msse3 -fvisibility=hidden  -fvisibility-inlines-hidden'
===== BUILD LOG =====
Change Dir: '/home/robotlab/ACP/opencv-4.12.0/build/CMakeFiles/CMakeTmp'

Run Build Command(s): /home/robotlab/micromamba/envs/pyrite/bin/cmake -E env VERBOSE=1 /usr/bin/gmake -f Makefile cmTC_4ca9f/fast
/usr/bin/gmake  -f CMakeFiles/cmTC_4ca9f.dir/build.make CMakeFiles/cmTC_4ca9f.dir/build
gmake[1]: se entra en el directorio '/home/robotlab/ACP/opencv-4.12.0/build/CMakeFiles/CMakeTmp'
Building C object CMakeFiles/cmTC_4ca9f.dir/src.c.o
/usr/bin/cc   -O3 -DNDEBUG -fPIE    -fsigned-char -W -Wall -Wreturn-type -Waddress -Wsequence-point -Wformat -Wformat-security -Wmissing-declarations -Wmissing-prototypes -Wstrict-prototypes -Wundef -Winit-self -Wpointer-arith -Wshadow -Wuninitialized -Wno-comment -Wimplicit-fallthrough=3 -Wno-strict-overflow -fdiagnostics-show-option -pthread -fomit-frame-pointer -ffunction-sections -fdata-sections  -msse3 -fvisibility=hidden  -fvisibility-inlines-hidden -o CMakeFiles/cmTC_4ca9f.dir/src.c.o -c /home/robotlab/ACP/opencv-4.12.0/build/CMakeFiles/CMakeTmp/src.c
cc1: warning: command-line option ‘-fvisibility-inlines-hidden’ is valid for C++/ObjC++ but not for C
/home/robotlab/ACP/opencv-4.12.0/build/CMakeFiles/CMakeTmp/src.c:1: warning: ignoring ‘#pragma  ’ [-Wunknown-pragmas]
    1 | #pragma
      | 
Linking C executable cmTC_4ca9f
/home/robotlab/micromamba/envs/pyrite/bin/cmake -E cmake_link_script CMakeFiles/cmTC_4ca9f.dir/link.txt --verbose=1
/usr/bin/cc -O3 -DNDEBUG CMakeFiles/cmTC_4ca9f.dir/src.c.o -o cmTC_4ca9f
gmake[1]: se sale del directorio '/home/robotlab/ACP/opencv-4.12.0/build/CMakeFiles/CMakeTmp'


===== END =====

Build output check failed:
    Regex: 'command[- ]line option .* is valid for .* but not for C\+\+'
    Output line: 'cc1plus: warning: command-line option ‘-Wno-missing-prototypes’ is valid for C/ObjC but not for C++'
Compilation failed:
    source file: '/home/robotlab/ACP/opencv-4.12.0/build/CMakeFiles/CMakeTmp/src.cxx'
    check option: ' -Wno-missing-prototypes'
===== BUILD LOG =====
Change Dir: '/home/robotlab/ACP/opencv-4.12.0/build/CMakeFiles/CMakeTmp'

Run Build Command(s): /home/robotlab/micromamba/envs/pyrite/bin/cmake -E env VERBOSE=1 /usr/bin/gmake -f Makefile cmTC_57cf2/fast
/usr/bin/gmake  -f CMakeFiles/cmTC_57cf2.dir/build.make CMakeFiles/cmTC_57cf2.dir/build
gmake[1]: se entra en el directorio '/home/robotlab/ACP/opencv-4.12.0/build/CMakeFiles/CMakeTmp'
Building CXX object CMakeFiles/cmTC_57cf2.dir/src.cxx.o
/usr/bin/c++   -fsigned-char -W -Wall -Wreturn-type -Wnon-virtual-dtor -Waddress -Wsequence-point -Wformat -Wformat-security -Wmissing-declarations -Wundef -Winit-self -Wpointer-arith -Wshadow -Wsign-promo -Wuninitialized -Wsuggest-override -Wno-delete-non-virtual-dtor -Wno-comment -Wimplicit-fallthrough=3 -Wno-strict-overflow -fdiagnostics-show-option -pthread -fomit-frame-pointer -ffunction-sections -fdata-sections  -msse3 -fvisibility=hidden -fvisibility-inlines-hidden -Wno-deprecated  -O3 -DNDEBUG  -DNDEBUG -std=c++11 -fPIE    -Wno-missing-prototypes -o CMakeFiles/cmTC_57cf2.dir/src.cxx.o -c /home/robotlab/ACP/opencv-4.12.0/build/CMakeFiles/CMakeTmp/src.cxx
cc1plus: warning: command-line option ‘-Wno-missing-prototypes’ is valid for C/ObjC but not for C++
/home/robotlab/ACP/opencv-4.12.0/build/CMakeFiles/CMakeTmp/src.cxx:1: warning: ignoring ‘#pragma  ’ [-Wunknown-pragmas]
    1 | #pragma
      | 
Linking CXX executable cmTC_57cf2
/home/robotlab/micromamba/envs/pyrite/bin/cmake -E cmake_link_script CMakeFiles/cmTC_57cf2.dir/link.txt --verbose=1
/usr/bin/c++    -fsigned-char -W -Wall -Wreturn-type -Wnon-virtual-dtor -Waddress -Wsequence-point -Wformat -Wformat-security -Wmissing-declarations -Wundef -Winit-self -Wpointer-arith -Wshadow -Wsign-promo -Wuninitialized -Wsuggest-override -Wno-delete-non-virtual-dtor -Wno-comment -Wimplicit-fallthrough=3 -Wno-strict-overflow -fdiagnostics-show-option -pthread -fomit-frame-pointer -ffunction-sections -fdata-sections  -msse3 -fvisibility=hidden -fvisibility-inlines-hidden -Wno-deprecated  -O3 -DNDEBUG  -DNDEBUG   -Wl,--gc-sections -Wl,--as-needed -Wl,--no-undefined  CMakeFiles/cmTC_57cf2.dir/src.cxx.o -o cmTC_57cf2
gmake[1]: se sale del directorio '/home/robotlab/ACP/opencv-4.12.0/build/CMakeFiles/CMakeTmp'


===== END =====

Build output check failed:
    Regex: 'unrecognized .*option'
    Output line: 'cc1plus: note: unrecognized command-line option ‘-Wno-tautological-undefined-compare’ may have been intended to silence earlier diagnostics'
Compilation failed:
    source file: '/home/robotlab/ACP/opencv-4.12.0/build/CMakeFiles/CMakeTmp/src.cxx'
    check option: ' -Wno-tautological-undefined-compare'
===== BUILD LOG =====
Change Dir: '/home/robotlab/ACP/opencv-4.12.0/build/CMakeFiles/CMakeTmp'

Run Build Command(s): /home/robotlab/micromamba/envs/pyrite/bin/cmake -E env VERBOSE=1 /usr/bin/gmake -f Makefile cmTC_7f77c/fast
/usr/bin/gmake  -f CMakeFiles/cmTC_7f77c.dir/build.make CMakeFiles/cmTC_7f77c.dir/build
gmake[1]: se entra en el directorio '/home/robotlab/ACP/opencv-4.12.0/build/CMakeFiles/CMakeTmp'
Building CXX object CMakeFiles/cmTC_7f77c.dir/src.cxx.o
/usr/bin/c++   -fsigned-char -W -Wall -Wreturn-type -Wnon-virtual-dtor -Waddress -Wsequence-point -Wformat -Wformat-security -Winit-self -Wpointer-arith -Wuninitialized -Wsuggest-override -Wno-delete-non-virtual-dtor -Wno-comment -Wimplicit-fallthrough=3 -Wno-strict-overflow -fdiagnostics-show-option -pthread -fomit-frame-pointer -ffunction-sections -fdata-sections  -msse3 -fvisibility=hidden -fvisibility-inlines-hidden -Wno-deprecated -Wno-missing-declarations -Wno-shadow -Wno-unused-parameter -Wno-unused-local-typedefs -Wno-sign-compare -Wno-sign-promo -Wno-undef  -O3 -DNDEBUG  -DNDEBUG -std=c++11 -fPIE    -Wno-tautological-undefined-compare -o CMakeFiles/cmTC_7f77c.dir/src.cxx.o -c /home/robotlab/ACP/opencv-4.12.0/build/CMakeFiles/CMakeTmp/src.cxx
/home/robotlab/ACP/opencv-4.12.0/build/CMakeFiles/CMakeTmp/src.cxx:1: warning: ignoring ‘#pragma  ’ [-Wunknown-pragmas]
    1 | #pragma
      | 
cc1plus: note: unrecognized command-line option ‘-Wno-tautological-undefined-compare’ may have been intended to silence earlier diagnostics
Linking CXX executable cmTC_7f77c
/home/robotlab/micromamba/envs/pyrite/bin/cmake -E cmake_link_script CMakeFiles/cmTC_7f77c.dir/link.txt --verbose=1
/usr/bin/c++    -fsigned-char -W -Wall -Wreturn-type -Wnon-virtual-dtor -Waddress -Wsequence-point -Wformat -Wformat-security -Winit-self -Wpointer-arith -Wuninitialized -Wsuggest-override -Wno-delete-non-virtual-dtor -Wno-comment -Wimplicit-fallthrough=3 -Wno-strict-overflow -fdiagnostics-show-option -pthread -fomit-frame-pointer -ffunction-sections -fdata-sections  -msse3 -fvisibility=hidden -fvisibility-inlines-hidden -Wno-deprecated -Wno-missing-declarations -Wno-shadow -Wno-unused-parameter -Wno-unused-local-typedefs -Wno-sign-compare -Wno-sign-promo -Wno-undef  -O3 -DNDEBUG  -DNDEBUG   -Wl,--gc-sections -Wl,--as-needed -Wl,--no-undefined  CMakeFiles/cmTC_7f77c.dir/src.cxx.o -o cmTC_7f77c
gmake[1]: se sale del directorio '/home/robotlab/ACP/opencv-4.12.0/build/CMakeFiles/CMakeTmp'


===== END =====

Build output check failed:
    Regex: 'unrecognized .*option'
    Output line: 'cc1plus: note: unrecognized command-line option ‘-Wno-shorten-64-to-32’ may have been intended to silence earlier diagnostics'
Compilation failed:
    source file: '/home/robotlab/ACP/opencv-4.12.0/build/CMakeFiles/CMakeTmp/src.cxx'
    check option: ' -Wno-shorten-64-to-32'
===== BUILD LOG =====
Change Dir: '/home/robotlab/ACP/opencv-4.12.0/build/CMakeFiles/CMakeTmp'

Run Build Command(s): /home/robotlab/micromamba/envs/pyrite/bin/cmake -E env VERBOSE=1 /usr/bin/gmake -f Makefile cmTC_74bc1/fast
/usr/bin/gmake  -f CMakeFiles/cmTC_74bc1.dir/build.make CMakeFiles/cmTC_74bc1.dir/build
gmake[1]: se entra en el directorio '/home/robotlab/ACP/opencv-4.12.0/build/CMakeFiles/CMakeTmp'
Building CXX object CMakeFiles/cmTC_74bc1.dir/src.cxx.o
/usr/bin/c++   -fsigned-char -W -Wall -Wreturn-type -Wnon-virtual-dtor -Waddress -Wsequence-point -Wformat -Wformat-security -Winit-self -Wpointer-arith -Wuninitialized -Wsuggest-override -Wno-delete-non-virtual-dtor -Wno-comment -Wimplicit-fallthrough=3 -Wno-strict-overflow -fdiagnostics-show-option -pthread -fomit-frame-pointer -ffunction-sections -fdata-sections  -msse3 -fvisibility=hidden -fvisibility-inlines-hidden -Wno-deprecated -Wno-missing-declarations -Wno-shadow -Wno-unused-parameter -Wno-unused-local-typedefs -Wno-sign-compare -Wno-sign-promo -Wno-undef -Wno-ignored-qualifiers -Wno-extra -Wno-unused-function -Wno-unused-const-variable  -O3 -DNDEBUG  -DNDEBUG -std=c++11 -fPIE    -Wno-shorten-64-to-32 -o CMakeFiles/cmTC_74bc1.dir/src.cxx.o -c /home/robotlab/ACP/opencv-4.12.0/build/CMakeFiles/CMakeTmp/src.cxx
/home/robotlab/ACP/opencv-4.12.0/build/CMakeFiles/CMakeTmp/src.cxx:1: warning: ignoring ‘#pragma  ’ [-Wunknown-pragmas]
    1 | #pragma
      | 
cc1plus: note: unrecognized command-line option ‘-Wno-shorten-64-to-32’ may have been intended to silence earlier diagnostics
Linking CXX executable cmTC_74bc1
/home/robotlab/micromamba/envs/pyrite/bin/cmake -E cmake_link_script CMakeFiles/cmTC_74bc1.dir/link.txt --verbose=1
/usr/bin/c++    -fsigned-char -W -Wall -Wreturn-type -Wnon-virtual-dtor -Waddress -Wsequence-point -Wformat -Wformat-security -Winit-self -Wpointer-arith -Wuninitialized -Wsuggest-override -Wno-delete-non-virtual-dtor -Wno-comment -Wimplicit-fallthrough=3 -Wno-strict-overflow -fdiagnostics-show-option -pthread -fomit-frame-pointer -ffunction-sections -fdata-sections  -msse3 -fvisibility=hidden -fvisibility-inlines-hidden -Wno-deprecated -Wno-missing-declarations -Wno-shadow -Wno-unused-parameter -Wno-unused-local-typedefs -Wno-sign-compare -Wno-sign-promo -Wno-undef -Wno-ignored-qualifiers -Wno-extra -Wno-unused-function -Wno-unused-const-variable  -O3 -DNDEBUG  -DNDEBUG   -Wl,--gc-sections -Wl,--as-needed -Wl,--no-undefined  CMakeFiles/cmTC_74bc1.dir/src.cxx.o -o cmTC_74bc1
gmake[1]: se sale del directorio '/home/robotlab/ACP/opencv-4.12.0/build/CMakeFiles/CMakeTmp'


===== END =====

Build output check failed:
    Regex: 'unrecognized .*option'
    Output line: 'cc1plus: note: unrecognized command-line option ‘-Wno-enum-compare-switch’ may have been intended to silence earlier diagnostics'
Compilation failed:
    source file: '/home/robotlab/ACP/opencv-4.12.0/build/CMakeFiles/CMakeTmp/src.cxx'
    check option: ' -Wno-enum-compare-switch'
===== BUILD LOG =====
Change Dir: '/home/robotlab/ACP/opencv-4.12.0/build/CMakeFiles/CMakeTmp'

Run Build Command(s): /home/robotlab/micromamba/envs/pyrite/bin/cmake -E env VERBOSE=1 /usr/bin/gmake -f Makefile cmTC_60b31/fast
/usr/bin/gmake  -f CMakeFiles/cmTC_60b31.dir/build.make CMakeFiles/cmTC_60b31.dir/build
gmake[1]: se entra en el directorio '/home/robotlab/ACP/opencv-4.12.0/build/CMakeFiles/CMakeTmp'
Building CXX object CMakeFiles/cmTC_60b31.dir/src.cxx.o
/usr/bin/c++   -fsigned-char -W -Wall -Wreturn-type -Wnon-virtual-dtor -Waddress -Wsequence-point -Wformat -Wformat-security -Winit-self -Wpointer-arith -Wuninitialized -Wsuggest-override -Wno-delete-non-virtual-dtor -Wno-comment -Wimplicit-fallthrough=3 -Wno-strict-overflow -fdiagnostics-show-option -pthread -fomit-frame-pointer -ffunction-sections -fdata-sections  -msse3 -fvisibility=hidden -fvisibility-inlines-hidden -Wno-deprecated -Wno-missing-declarations -Wno-shadow -Wno-unused-parameter -Wno-unused-local-typedefs -Wno-sign-compare -Wno-sign-promo -Wno-undef -Wno-ignored-qualifiers -Wno-extra -Wno-unused-function -Wno-unused-const-variable -Wno-invalid-offsetof  -O3 -DNDEBUG  -DNDEBUG -std=c++11 -fPIE    -Wno-enum-compare-switch -o CMakeFiles/cmTC_60b31.dir/src.cxx.o -c /home/robotlab/ACP/opencv-4.12.0/build/CMakeFiles/CMakeTmp/src.cxx
/home/robotlab/ACP/opencv-4.12.0/build/CMakeFiles/CMakeTmp/src.cxx:1: warning: ignoring ‘#pragma  ’ [-Wunknown-pragmas]
    1 | #pragma
      | 
cc1plus: note: unrecognized command-line option ‘-Wno-enum-compare-switch’ may have been intended to silence earlier diagnostics
Linking CXX executable cmTC_60b31
/home/robotlab/micromamba/envs/pyrite/bin/cmake -E cmake_link_script CMakeFiles/cmTC_60b31.dir/link.txt --verbose=1
/usr/bin/c++    -fsigned-char -W -Wall -Wreturn-type -Wnon-virtual-dtor -Waddress -Wsequence-point -Wformat -Wformat-security -Winit-self -Wpointer-arith -Wuninitialized -Wsuggest-override -Wno-delete-non-virtual-dtor -Wno-comment -Wimplicit-fallthrough=3 -Wno-strict-overflow -fdiagnostics-show-option -pthread -fomit-frame-pointer -ffunction-sections -fdata-sections  -msse3 -fvisibility=hidden -fvisibility-inlines-hidden -Wno-deprecated -Wno-missing-declarations -Wno-shadow -Wno-unused-parameter -Wno-unused-local-typedefs -Wno-sign-compare -Wno-sign-promo -Wno-undef -Wno-ignored-qualifiers -Wno-extra -Wno-unused-function -Wno-unused-const-variable -Wno-invalid-offsetof  -O3 -DNDEBUG  -DNDEBUG   -Wl,--gc-sections -Wl,--as-needed -Wl,--no-undefined  CMakeFiles/cmTC_60b31.dir/src.cxx.o -o cmTC_60b31
gmake[1]: se sale del directorio '/home/robotlab/ACP/opencv-4.12.0/build/CMakeFiles/CMakeTmp'


===== END =====

Build output check failed:
    Regex: 'unrecognized .*option'
    Output line: 'cc1plus: note: unrecognized command-line option ‘-Wno-inconsistent-missing-override’ may have been intended to silence earlier diagnostics'
Compilation failed:
    source file: '/home/robotlab/ACP/opencv-4.12.0/build/CMakeFiles/CMakeTmp/src.cxx'
    check option: ' -Wno-inconsistent-missing-override'
===== BUILD LOG =====
Change Dir: '/home/robotlab/ACP/opencv-4.12.0/build/CMakeFiles/CMakeTmp'

Run Build Command(s): /home/robotlab/micromamba/envs/pyrite/bin/cmake -E env VERBOSE=1 /usr/bin/gmake -f Makefile cmTC_16564/fast
/usr/bin/gmake  -f CMakeFiles/cmTC_16564.dir/build.make CMakeFiles/cmTC_16564.dir/build
gmake[1]: se entra en el directorio '/home/robotlab/ACP/opencv-4.12.0/build/CMakeFiles/CMakeTmp'
Building CXX object CMakeFiles/cmTC_16564.dir/src.cxx.o
/usr/bin/c++   -fsigned-char -W -Wall -Wreturn-type -Wnon-virtual-dtor -Waddress -Wsequence-point -Wformat -Wformat-security -Winit-self -Wpointer-arith -Wuninitialized -Wno-delete-non-virtual-dtor -Wno-comment -Wimplicit-fallthrough=3 -Wno-strict-overflow -fdiagnostics-show-option -pthread -fomit-frame-pointer -ffunction-sections -fdata-sections  -msse3 -fvisibility=hidden -fvisibility-inlines-hidden -Wno-deprecated -Wno-missing-declarations -Wno-shadow -Wno-unused-parameter -Wno-unused-local-typedefs -Wno-sign-compare -Wno-sign-promo -Wno-undef -Wno-ignored-qualifiers -Wno-extra -Wno-unused-function -Wno-unused-const-variable -Wno-invalid-offsetof -Wno-suggest-override  -O3 -DNDEBUG  -DNDEBUG -std=c++11 -fPIE    -Wno-inconsistent-missing-override -o CMakeFiles/cmTC_16564.dir/src.cxx.o -c /home/robotlab/ACP/opencv-4.12.0/build/CMakeFiles/CMakeTmp/src.cxx
/home/robotlab/ACP/opencv-4.12.0/build/CMakeFiles/CMakeTmp/src.cxx:1: warning: ignoring ‘#pragma  ’ [-Wunknown-pragmas]
    1 | #pragma
      | 
cc1plus: note: unrecognized command-line option ‘-Wno-inconsistent-missing-override’ may have been intended to silence earlier diagnostics
Linking CXX executable cmTC_16564
/home/robotlab/micromamba/envs/pyrite/bin/cmake -E cmake_link_script CMakeFiles/cmTC_16564.dir/link.txt --verbose=1
/usr/bin/c++    -fsigned-char -W -Wall -Wreturn-type -Wnon-virtual-dtor -Waddress -Wsequence-point -Wformat -Wformat-security -Winit-self -Wpointer-arith -Wuninitialized -Wno-delete-non-virtual-dtor -Wno-comment -Wimplicit-fallthrough=3 -Wno-strict-overflow -fdiagnostics-show-option -pthread -fomit-frame-pointer -ffunction-sections -fdata-sections  -msse3 -fvisibility=hidden -fvisibility-inlines-hidden -Wno-deprecated -Wno-missing-declarations -Wno-shadow -Wno-unused-parameter -Wno-unused-local-typedefs -Wno-sign-compare -Wno-sign-promo -Wno-undef -Wno-ignored-qualifiers -Wno-extra -Wno-unused-function -Wno-unused-const-variable -Wno-invalid-offsetof -Wno-suggest-override  -O3 -DNDEBUG  -DNDEBUG   -Wl,--gc-sections -Wl,--as-needed -Wl,--no-undefined  CMakeFiles/cmTC_16564.dir/src.cxx.o -o cmTC_16564
gmake[1]: se sale del directorio '/home/robotlab/ACP/opencv-4.12.0/build/CMakeFiles/CMakeTmp'


===== END =====

Build output check failed:
    Regex: 'unrecognized .*option'
    Output line: 'cc1plus: note: unrecognized command-line option ‘-Wno-comma’ may have been intended to silence earlier diagnostics'
Compilation failed:
    source file: '/home/robotlab/ACP/opencv-4.12.0/build/CMakeFiles/CMakeTmp/src.cxx'
    check option: ' -Wno-comma'
===== BUILD LOG =====
Change Dir: '/home/robotlab/ACP/opencv-4.12.0/build/CMakeFiles/CMakeTmp'

Run Build Command(s): /home/robotlab/micromamba/envs/pyrite/bin/cmake -E env VERBOSE=1 /usr/bin/gmake -f Makefile cmTC_042bf/fast
/usr/bin/gmake  -f CMakeFiles/cmTC_042bf.dir/build.make CMakeFiles/cmTC_042bf.dir/build
gmake[1]: se entra en el directorio '/home/robotlab/ACP/opencv-4.12.0/build/CMakeFiles/CMakeTmp'
Building CXX object CMakeFiles/cmTC_042bf.dir/src.cxx.o
/usr/bin/c++   -fsigned-char -W -Wall -Wreturn-type -Wnon-virtual-dtor -Waddress -Wsequence-point -Wformat -Wformat-security -Winit-self -Wpointer-arith -Wuninitialized -Wno-delete-non-virtual-dtor -Wno-comment -Wno-strict-overflow -fdiagnostics-show-option -pthread -fomit-frame-pointer -ffunction-sections -fdata-sections  -msse3 -fvisibility=hidden -fvisibility-inlines-hidden -Wno-deprecated -Wno-missing-declarations -Wno-shadow -Wno-unused-parameter -Wno-unused-local-typedefs -Wno-sign-compare -Wno-sign-promo -Wno-undef -Wno-ignored-qualifiers -Wno-extra -Wno-unused-function -Wno-unused-const-variable -Wno-invalid-offsetof -Wno-suggest-override -Wno-implicit-fallthrough -Wno-array-bounds -Wno-stringop-overflow -Wno-stringop-overread -Wno-extra-semi  -O3 -DNDEBUG  -DNDEBUG -std=c++11 -fPIE    -Wno-comma -o CMakeFiles/cmTC_042bf.dir/src.cxx.o -c /home/robotlab/ACP/opencv-4.12.0/build/CMakeFiles/CMakeTmp/src.cxx
/home/robotlab/ACP/opencv-4.12.0/build/CMakeFiles/CMakeTmp/src.cxx:1: warning: ignoring ‘#pragma  ’ [-Wunknown-pragmas]
    1 | #pragma
      | 
cc1plus: note: unrecognized command-line option ‘-Wno-comma’ may have been intended to silence earlier diagnostics
Linking CXX executable cmTC_042bf
/home/robotlab/micromamba/envs/pyrite/bin/cmake -E cmake_link_script CMakeFiles/cmTC_042bf.dir/link.txt --verbose=1
/usr/bin/c++    -fsigned-char -W -Wall -Wreturn-type -Wnon-virtual-dtor -Waddress -Wsequence-point -Wformat -Wformat-security -Winit-self -Wpointer-arith -Wuninitialized -Wno-delete-non-virtual-dtor -Wno-comment -Wno-strict-overflow -fdiagnostics-show-option -pthread -fomit-frame-pointer -ffunction-sections -fdata-sections  -msse3 -fvisibility=hidden -fvisibility-inlines-hidden -Wno-deprecated -Wno-missing-declarations -Wno-shadow -Wno-unused-parameter -Wno-unused-local-typedefs -Wno-sign-compare -Wno-sign-promo -Wno-undef -Wno-ignored-qualifiers -Wno-extra -Wno-unused-function -Wno-unused-const-variable -Wno-invalid-offsetof -Wno-suggest-override -Wno-implicit-fallthrough -Wno-array-bounds -Wno-stringop-overflow -Wno-stringop-overread -Wno-extra-semi  -O3 -DNDEBUG  -DNDEBUG   -Wl,--gc-sections -Wl,--as-needed -Wl,--no-undefined  CMakeFiles/cmTC_042bf.dir/src.cxx.o -o cmTC_042bf
gmake[1]: se sale del directorio '/home/robotlab/ACP/opencv-4.12.0/build/CMakeFiles/CMakeTmp'


===== END =====

Build output check failed:
    Regex: 'unrecognized .*option'
    Output line: 'cc1plus: note: unrecognized command-line option ‘-Wno-unused-private-field’ may have been intended to silence earlier diagnostics'
Compilation failed:
    source file: '/home/robotlab/ACP/opencv-4.12.0/build/CMakeFiles/CMakeTmp/src.cxx'
    check option: ' -Wno-unused-private-field'
===== BUILD LOG =====
Change Dir: '/home/robotlab/ACP/opencv-4.12.0/build/CMakeFiles/CMakeTmp'

Run Build Command(s): /home/robotlab/micromamba/envs/pyrite/bin/cmake -E env VERBOSE=1 /usr/bin/gmake -f Makefile cmTC_32821/fast
/usr/bin/gmake  -f CMakeFiles/cmTC_32821.dir/build.make CMakeFiles/cmTC_32821.dir/build
gmake[1]: se entra en el directorio '/home/robotlab/ACP/opencv-4.12.0/build/CMakeFiles/CMakeTmp'
Building CXX object CMakeFiles/cmTC_32821.dir/src.cxx.o
/usr/bin/c++   -fsigned-char -W -Wall -Wreturn-type -Wnon-virtual-dtor -Waddress -Wsequence-point -Wformat -Wformat-security -Wmissing-declarations -Wundef -Winit-self -Wpointer-arith -Wshadow -Wsign-promo -Wuninitialized -Wsuggest-override -Wno-delete-non-virtual-dtor -Wno-comment -Wimplicit-fallthrough=3 -Wno-strict-overflow -fdiagnostics-show-option -pthread -fomit-frame-pointer -ffunction-sections -fdata-sections  -msse3 -fvisibility=hidden -fvisibility-inlines-hidden -Wno-unused-function -Wno-deprecated-declarations -Wno-overloaded-virtual  -O3 -DNDEBUG  -DNDEBUG -std=c++11 -fPIE    -Wno-unused-private-field -o CMakeFiles/cmTC_32821.dir/src.cxx.o -c /home/robotlab/ACP/opencv-4.12.0/build/CMakeFiles/CMakeTmp/src.cxx
/home/robotlab/ACP/opencv-4.12.0/build/CMakeFiles/CMakeTmp/src.cxx:1: warning: ignoring ‘#pragma  ’ [-Wunknown-pragmas]
    1 | #pragma
      | 
cc1plus: note: unrecognized command-line option ‘-Wno-unused-private-field’ may have been intended to silence earlier diagnostics
Linking CXX executable cmTC_32821
/home/robotlab/micromamba/envs/pyrite/bin/cmake -E cmake_link_script CMakeFiles/cmTC_32821.dir/link.txt --verbose=1
/usr/bin/c++    -fsigned-char -W -Wall -Wreturn-type -Wnon-virtual-dtor -Waddress -Wsequence-point -Wformat -Wformat-security -Wmissing-declarations -Wundef -Winit-self -Wpointer-arith -Wshadow -Wsign-promo -Wuninitialized -Wsuggest-override -Wno-delete-non-virtual-dtor -Wno-comment -Wimplicit-fallthrough=3 -Wno-strict-overflow -fdiagnostics-show-option -pthread -fomit-frame-pointer -ffunction-sections -fdata-sections  -msse3 -fvisibility=hidden -fvisibility-inlines-hidden -Wno-unused-function -Wno-deprecated-declarations -Wno-overloaded-virtual  -O3 -DNDEBUG  -DNDEBUG   -Wl,--gc-sections -Wl,--as-needed -Wl,--no-undefined  CMakeFiles/cmTC_32821.dir/src.cxx.o -o cmTC_32821
gmake[1]: se sale del directorio '/home/robotlab/ACP/opencv-4.12.0/build/CMakeFiles/CMakeTmp'


===== END =====

